<?xml version="1.0" encoding="UTF-8"?>
<!-- Generated by org.testng.reporters.JUnitXMLReporter -->
<testsuite hostname="Shweta-PC" name="LoginTests" tests="3" failures="0" timestamp="7 Sep 2015 18:09:27 GMT" time="59.391" errors="0">
  <testcase name="testLoginSuccessful" time="5.829" classname="org.shweta.test.LoginTest"/>
  <testcase name="testLoginSuccessful" time="17.941" classname="org.shweta.test.LoginTest"/>
  <testcase name="testLoginSuccessful" time="6.322" classname="org.shweta.test.LoginTest"/>
</testsuite> <!-- LoginTests -->
