<?xml version="1.0" encoding="UTF-8"?>
<!-- Generated by org.testng.reporters.JUnitXMLReporter -->
<testsuite hostname="Shweta-PC" name="ShopTests" tests="3" failures="0" timestamp="7 Sep 2015 17:59:18 GMT" time="63.816" errors="0">
  <testcase name="testSortOrder" time="6.15" classname="org.shweta.test.ShopPageTest"/>
  <testcase name="testSortOrder" time="5.523" classname="org.shweta.test.ShopPageTest"/>
  <testcase name="testSortOrder" time="5.398" classname="org.shweta.test.ShopPageTest"/>
</testsuite> <!-- ShopTests -->
