<?xml version="1.0" encoding="UTF-8"?>
<!-- Generated by org.testng.reporters.JUnitXMLReporter -->
<testsuite hostname="Shweta-PC" name="Default test" tests="3" failures="0" timestamp="23 Aug 2015 15:57:40 GMT" time="48.792" errors="0">
  <testcase name="testSortOrder" time="4.253" classname="org.shweta.test.ShopPageTest"/>
  <testcase name="testSortOrder" time="4.153" classname="org.shweta.test.ShopPageTest"/>
  <testcase name="testSortOrder" time="4.205" classname="org.shweta.test.ShopPageTest"/>
</testsuite> <!-- Default test -->
