<?xml version="1.0" encoding="UTF-8"?>
<testng-results skipped="0" failed="0" total="2" passed="2">
  <reporter-output>
  </reporter-output>
  <suite name="Default suite" duration-ms="66158" started-at="2015-09-06T02:59:15Z" finished-at="2015-09-06T03:00:21Z">
    <groups>
    </groups>
    <test name="Default test" duration-ms="66158" started-at="2015-09-06T02:59:15Z" finished-at="2015-09-06T03:00:21Z">
      <class name="org.shweta.test.FlightReservationTest">
        <test-method status="PASS" signature="beforeSuite()[pri:0, instance:org.shweta.test.FlightReservationTest@150b51f4]" name="beforeSuite" is-config="true" duration-ms="9" started-at="2015-09-05T21:59:15Z" finished-at="2015-09-05T21:59:15Z">
          <reporter-output>
          </reporter-output>
        </test-method> <!-- beforeSuite -->
        <test-method status="PASS" signature="beforeMethod()[pri:0, instance:org.shweta.test.FlightReservationTest@150b51f4]" name="beforeMethod" is-config="true" duration-ms="8128" started-at="2015-09-05T21:59:15Z" finished-at="2015-09-05T21:59:24Z">
          <reporter-output>
          </reporter-output>
        </test-method> <!-- beforeMethod -->
        <test-method status="PASS" signature="testFlightReservation(java.lang.String, java.lang.String, java.lang.String, java.lang.String, java.lang.String)[pri:0, instance:org.shweta.test.FlightReservationTest@150b51f4]" name="testFlightReservation" duration-ms="24513" started-at="2015-09-05T21:59:24Z" data-provider="dataProvider" finished-at="2015-09-05T21:59:48Z">
          <params>
            <param index="0">
              <value>
                <![CDATA[tutorial1]]>
              </value>
            </param>
            <param index="1">
              <value>
                <![CDATA[tutorial1]]>
              </value>
            </param>
            <param index="2">
              <value>
                <![CDATA[1]]>
              </value>
            </param>
            <param index="3">
              <value>
                <![CDATA[New York]]>
              </value>
            </param>
            <param index="4">
              <value>
                <![CDATA[London]]>
              </value>
            </param>
          </params>
          <reporter-output>
          </reporter-output>
        </test-method> <!-- testFlightReservation -->
        <test-method status="PASS" signature="afterMethod()[pri:0, instance:org.shweta.test.FlightReservationTest@150b51f4]" name="afterMethod" is-config="true" duration-ms="650" started-at="2015-09-05T21:59:48Z" finished-at="2015-09-05T21:59:49Z">
          <reporter-output>
          </reporter-output>
        </test-method> <!-- afterMethod -->
        <test-method status="PASS" signature="beforeMethod()[pri:0, instance:org.shweta.test.FlightReservationTest@150b51f4]" name="beforeMethod" is-config="true" duration-ms="6674" started-at="2015-09-05T21:59:49Z" finished-at="2015-09-05T21:59:55Z">
          <reporter-output>
          </reporter-output>
        </test-method> <!-- beforeMethod -->
        <test-method status="PASS" signature="testFlightReservation(java.lang.String, java.lang.String, java.lang.String, java.lang.String, java.lang.String)[pri:0, instance:org.shweta.test.FlightReservationTest@150b51f4]" name="testFlightReservation" duration-ms="25029" started-at="2015-09-05T21:59:55Z" data-provider="dataProvider" finished-at="2015-09-05T22:00:20Z">
          <params>
            <param index="0">
              <value>
                <![CDATA[tutorial1]]>
              </value>
            </param>
            <param index="1">
              <value>
                <![CDATA[tutorial1]]>
              </value>
            </param>
            <param index="2">
              <value>
                <![CDATA[2]]>
              </value>
            </param>
            <param index="3">
              <value>
                <![CDATA[Paris]]>
              </value>
            </param>
            <param index="4">
              <value>
                <![CDATA[Portland]]>
              </value>
            </param>
          </params>
          <reporter-output>
          </reporter-output>
        </test-method> <!-- testFlightReservation -->
        <test-method status="PASS" signature="afterMethod()[pri:0, instance:org.shweta.test.FlightReservationTest@150b51f4]" name="afterMethod" is-config="true" duration-ms="473" started-at="2015-09-05T22:00:20Z" finished-at="2015-09-05T22:00:21Z">
          <reporter-output>
          </reporter-output>
        </test-method> <!-- afterMethod -->
      </class> <!-- org.shweta.test.FlightReservationTest -->
    </test> <!-- Default test -->
  </suite> <!-- Default suite -->
</testng-results>
