<?xml version="1.0" encoding="UTF-8"?>
<!-- Generated by org.testng.reporters.JUnitXMLReporter -->
<testsuite hostname="Shweta-PC" name="Default test" tests="4" failures="0" timestamp="13 Sep 2015 18:25:34 GMT" time="109.2" errors="0">
  <testcase name="testDepartToReturnCity" time="19.476" classname="org.shweta.test.SelectedFlightTest"/>
  <testcase name="testDepartToReturnCity" time="19.335" classname="org.shweta.test.SelectedFlightTest"/>
  <testcase name="testReturnToDepartCity" time="19.171" classname="org.shweta.test.SelectedFlightTest"/>
  <testcase name="testReturnToDepartCity" time="19.272" classname="org.shweta.test.SelectedFlightTest"/>
</testsuite> <!-- Default test -->
