<?xml version="1.0" encoding="UTF-8"?>
<!-- Generated by org.testng.reporters.JUnitXMLReporter -->
<testsuite hostname="Shweta-PC" name="Default test" tests="3" failures="0" timestamp="7 Sep 2015 18:02:53 GMT" time="53.65" errors="0">
  <testcase name="testLoginSuccessful" time="9.025" classname="org.shweta.test.LoginTest"/>
  <testcase name="testLoginSuccessful" time="12.524" classname="org.shweta.test.LoginTest"/>
  <testcase name="testLoginSuccessful" time="6.055" classname="org.shweta.test.LoginTest"/>
</testsuite> <!-- Default test -->
