<?xml version="1.0" encoding="UTF-8"?>
<testng-results skipped="0" failed="0" total="3" passed="3">
  <reporter-output>
  </reporter-output>
  <suite name="Default suite" duration-ms="48792" started-at="2015-08-23T15:56:51Z" finished-at="2015-08-23T15:57:40Z">
    <groups>
    </groups>
    <test name="Default test" duration-ms="48792" started-at="2015-08-23T15:56:51Z" finished-at="2015-08-23T15:57:40Z">
      <class name="org.shweta.test.ShopPageTest">
        <test-method status="PASS" signature="beforeSuite()[pri:0, instance:org.shweta.test.ShopPageTest@2f9a13d9]" name="beforeSuite" is-config="true" duration-ms="9" started-at="2015-08-23T10:56:51Z" finished-at="2015-08-23T10:56:51Z">
          <reporter-output>
          </reporter-output>
        </test-method> <!-- beforeSuite -->
        <test-method status="PASS" signature="beforeMethod()[pri:0, instance:org.shweta.test.ShopPageTest@2f9a13d9]" name="beforeMethod" is-config="true" duration-ms="13221" started-at="2015-08-23T10:56:52Z" finished-at="2015-08-23T10:57:05Z">
          <reporter-output>
          </reporter-output>
        </test-method> <!-- beforeMethod -->
        <test-method status="PASS" signature="testSortOrder(java.lang.String)[pri:0, instance:org.shweta.test.ShopPageTest@2f9a13d9]" name="testSortOrder" duration-ms="4253" started-at="2015-08-23T10:57:05Z" data-provider="dataProvider" finished-at="2015-08-23T10:57:10Z">
          <params>
            <param index="0">
              <value>
                <![CDATA[Sort by popularity]]>
              </value>
            </param>
          </params>
          <reporter-output>
          </reporter-output>
        </test-method> <!-- testSortOrder -->
        <test-method status="PASS" signature="afterMethod()[pri:0, instance:org.shweta.test.ShopPageTest@2f9a13d9]" name="afterMethod" is-config="true" duration-ms="960" started-at="2015-08-23T10:57:10Z" finished-at="2015-08-23T10:57:11Z">
          <reporter-output>
          </reporter-output>
        </test-method> <!-- afterMethod -->
        <test-method status="PASS" signature="beforeMethod()[pri:0, instance:org.shweta.test.ShopPageTest@2f9a13d9]" name="beforeMethod" is-config="true" duration-ms="9591" started-at="2015-08-23T10:57:11Z" finished-at="2015-08-23T10:57:20Z">
          <reporter-output>
          </reporter-output>
        </test-method> <!-- beforeMethod -->
        <test-method status="PASS" signature="testSortOrder(java.lang.String)[pri:0, instance:org.shweta.test.ShopPageTest@2f9a13d9]" name="testSortOrder" duration-ms="4153" started-at="2015-08-23T10:57:20Z" data-provider="dataProvider" finished-at="2015-08-23T10:57:24Z">
          <params>
            <param index="0">
              <value>
                <![CDATA[Sort by average rating]]>
              </value>
            </param>
          </params>
          <reporter-output>
          </reporter-output>
        </test-method> <!-- testSortOrder -->
        <test-method status="PASS" signature="afterMethod()[pri:0, instance:org.shweta.test.ShopPageTest@2f9a13d9]" name="afterMethod" is-config="true" duration-ms="1032" started-at="2015-08-23T10:57:24Z" finished-at="2015-08-23T10:57:25Z">
          <reporter-output>
          </reporter-output>
        </test-method> <!-- afterMethod -->
        <test-method status="PASS" signature="beforeMethod()[pri:0, instance:org.shweta.test.ShopPageTest@2f9a13d9]" name="beforeMethod" is-config="true" duration-ms="9727" started-at="2015-08-23T10:57:25Z" finished-at="2015-08-23T10:57:35Z">
          <reporter-output>
          </reporter-output>
        </test-method> <!-- beforeMethod -->
        <test-method status="PASS" signature="testSortOrder(java.lang.String)[pri:0, instance:org.shweta.test.ShopPageTest@2f9a13d9]" name="testSortOrder" duration-ms="4205" started-at="2015-08-23T10:57:35Z" data-provider="dataProvider" finished-at="2015-08-23T10:57:39Z">
          <params>
            <param index="0">
              <value>
                <![CDATA[Sort by newness]]>
              </value>
            </param>
          </params>
          <reporter-output>
          </reporter-output>
        </test-method> <!-- testSortOrder -->
        <test-method status="PASS" signature="afterMethod()[pri:0, instance:org.shweta.test.ShopPageTest@2f9a13d9]" name="afterMethod" is-config="true" duration-ms="972" started-at="2015-08-23T10:57:39Z" finished-at="2015-08-23T10:57:40Z">
          <reporter-output>
          </reporter-output>
        </test-method> <!-- afterMethod -->
      </class> <!-- org.shweta.test.ShopPageTest -->
    </test> <!-- Default test -->
  </suite> <!-- Default suite -->
</testng-results>
