<?xml version="1.0" encoding="UTF-8"?>
<!-- Generated by org.testng.reporters.JUnitXMLReporter -->
<testsuite hostname="Shweta-PC" name="Default test" tests="4" failures="0" timestamp="18 Aug 2015 23:43:50 GMT" time="33.228" errors="0">
  <testcase name="testJobSearch" time="2.508" classname="org.shweta.tests.IndeedTestNGTests"/>
  <testcase name="testJobSearch" time="2.396" classname="org.shweta.tests.IndeedTestNGTests"/>
  <testcase name="testJobSearch" time="2.262" classname="org.shweta.tests.IndeedTestNGTests"/>
  <testcase name="testLogo" time="1.482" classname="org.shweta.tests.IndeedTestNGTests"/>
</testsuite> <!-- Default test -->
