<?xml version="1.0" encoding="UTF-8"?>
<!-- Generated by org.testng.reporters.JUnitXMLReporter -->
<testsuite hostname="Shweta-PC" name="ShopTests" tests="3" failures="0" timestamp="7 Sep 2015 17:48:25 GMT" time="72.27" errors="0">
  <testcase name="testSortOrder" time="7.018" classname="org.shweta.test.ShopPageTest"/>
  <testcase name="testSortOrder" time="7.962" classname="org.shweta.test.ShopPageTest"/>
  <testcase name="testSortOrder" time="6.779" classname="org.shweta.test.ShopPageTest"/>
</testsuite> <!-- ShopTests -->
