<?xml version="1.0" encoding="UTF-8"?>
<!-- Generated by org.testng.reporters.JUnitXMLReporter -->
<testsuite hostname="Shweta-PC" name="IndeedTest1" tests="3" failures="0" timestamp="19 Aug 2015 00:23:38 GMT" time="0.016" errors="0">
  <testcase name="testHomePage" time="0.0" classname="org.shweta.tests.TestNGTestCase1"/>
  <testcase name="testLoginPage" time="0.001" classname="org.shweta.tests.TestNGTestCase1"/>
  <testcase name="testMyAccountPage" time="0.004" classname="org.shweta.tests.TestNGTestCase1"/>
</testsuite> <!-- IndeedTest1 -->
