<?xml version="1.0" encoding="UTF-8"?>
<!-- Generated by org.testng.reporters.JUnitXMLReporter -->
<testsuite hostname="Shweta-PC" name="IndeedSiteTests" tests="8" failures="0" timestamp="19 Aug 2015 00:23:38 GMT" time="66.539" errors="0">
  <testcase name="testJobSearch" time="5.805" classname="org.shweta.tests.IndeedTestNGTests2"/>
  <testcase name="testJobSearch" time="3.105" classname="org.shweta.tests.IndeedTestNGTests2"/>
  <testcase name="testJobSearch" time="2.391" classname="org.shweta.tests.IndeedTestNGTests2"/>
  <testcase name="testLogo" time="1.648" classname="org.shweta.tests.IndeedTestNGTests2"/>
  <testcase name="testJobSearch" time="2.409" classname="org.shweta.tests.IndeedTestNGTests"/>
  <testcase name="testJobSearch" time="3.136" classname="org.shweta.tests.IndeedTestNGTests"/>
  <testcase name="testJobSearch" time="2.421" classname="org.shweta.tests.IndeedTestNGTests"/>
  <testcase name="testLogo" time="2.109" classname="org.shweta.tests.IndeedTestNGTests"/>
</testsuite> <!-- IndeedSiteTests -->
